<?xml version="1.0" encoding="UTF-8"?>
<!-- Generated by org.testng.reporters.JUnitReportReporter -->
<testsuite hostname="NARESH-PC" name="SampleMaven.SampleGit.SampleClsB" tests="2" failures="0" timestamp="2 Jun 2018 17:09:04 GMT" time="0.001" errors="0">
  <testcase name="f2" time="0.001" classname="SampleMaven.SampleGit.SampleClsB"/>
  <testcase name="f1" time="0.000" classname="SampleMaven.SampleGit.SampleClsB"/>
</testsuite>
