<?xml version="1.0" encoding="UTF-8"?>
<!-- Generated by org.testng.reporters.JUnitReportReporter -->
<testsuite hostname="NARESH-PC" name="SampleMaven.SampleGit.SampleClsA" tests="1" failures="0" timestamp="2 Jun 2018 17:09:04 GMT" time="0.064" errors="0">
  <testcase name="f1" time="0.064" classname="SampleMaven.SampleGit.SampleClsA"/>
</testsuite>
